2025-09-26 21:11:16,176 - __main__ - INFO - ============================================================
2025-09-26 21:11:16,176 - __main__ - INFO - Smart Attendance System vBETA - Starting
2025-09-26 21:11:16,176 - __main__ - INFO - ============================================================
2025-09-26 21:11:16,176 - __main__ - INFO - Checking dependencies...
2025-09-26 21:11:16,190 - __main__ - INFO - Testing database connection...
2025-09-26 21:11:16,392 - mysql.connector - INFO - package: mysql.connector.plugins
2025-09-26 21:11:16,392 - mysql.connector - INFO - plugin_name: caching_sha2_password
2025-09-26 21:11:16,399 - mysql.connector - INFO - AUTHENTICATION_PLUGIN_CLASS: MySQLCachingSHA2PasswordAuthPlugin
2025-09-26 21:11:16,530 - __main__ - INFO - Starting Flask server...
2025-09-26 21:11:16,537 - __main__ - INFO - Launching main window...
2025-09-26 21:12:22,172 - __main__ - INFO - ============================================================
2025-09-26 21:12:22,172 - __main__ - INFO - Smart Attendance System vBETA - Starting
2025-09-26 21:12:22,172 - __main__ - INFO - ============================================================
2025-09-26 21:12:22,172 - __main__ - INFO - Checking dependencies...
2025-09-26 21:12:22,179 - __main__ - INFO - Testing database connection...
2025-09-26 21:12:22,257 - mysql.connector - INFO - package: mysql.connector.plugins
2025-09-26 21:12:22,257 - mysql.connector - INFO - plugin_name: caching_sha2_password
2025-09-26 21:12:22,257 - mysql.connector - INFO - AUTHENTICATION_PLUGIN_CLASS: MySQLCachingSHA2PasswordAuthPlugin
2025-09-26 21:12:22,276 - __main__ - INFO - Starting Flask server...
2025-09-26 21:12:22,283 - __main__ - INFO - Launching main window...
2025-09-26 21:12:49,227 - __main__ - INFO - ============================================================
2025-09-26 21:12:49,227 - __main__ - INFO - Smart Attendance System vBETA - Starting
2025-09-26 21:12:49,227 - __main__ - INFO - ============================================================
2025-09-26 21:12:49,227 - __main__ - INFO - Checking dependencies...
2025-09-26 21:12:49,241 - __main__ - INFO - Testing database connection...
2025-09-26 21:12:49,315 - mysql.connector - INFO - package: mysql.connector.plugins
2025-09-26 21:12:49,315 - mysql.connector - INFO - plugin_name: caching_sha2_password
2025-09-26 21:12:49,319 - mysql.connector - INFO - AUTHENTICATION_PLUGIN_CLASS: MySQLCachingSHA2PasswordAuthPlugin
2025-09-26 21:12:49,333 - __main__ - INFO - Starting Flask server...
2025-09-26 21:12:49,337 - __main__ - INFO - Launching main window...
