2025-09-17 22:47:29,457 - __main__ - INFO - ============================================================
2025-09-17 22:47:29,457 - __main__ - INFO - Smart Attendance System v2.0.0 - Starting
2025-09-17 22:47:29,457 - __main__ - INFO - ============================================================
2025-09-17 22:47:29,457 - __main__ - INFO - Checking dependencies...
2025-09-17 22:47:29,465 - __main__ - INFO - Testing database connection...
2025-09-17 22:47:29,546 - mysql.connector - INFO - package: mysql.connector.plugins
2025-09-17 22:47:29,546 - mysql.connector - INFO - plugin_name: caching_sha2_password
2025-09-17 22:47:29,551 - mysql.connector - INFO - AUTHENTICATION_PLUGIN_CLASS: MySQLCachingSHA2PasswordAuthPlugin
2025-09-17 22:47:55,182 - __main__ - INFO - Starting Flask server...
2025-09-17 22:47:55,196 - __main__ - INFO - Launching main window...
2025-09-17 22:48:25,303 - __main__ - INFO - ============================================================
2025-09-17 22:48:25,303 - __main__ - INFO - Smart Attendance System v2.0.0 - Starting
2025-09-17 22:48:25,303 - __main__ - INFO - ============================================================
2025-09-17 22:48:25,303 - __main__ - INFO - Checking dependencies...
2025-09-17 22:48:25,311 - __main__ - INFO - Testing database connection...
2025-09-17 22:48:25,399 - mysql.connector - INFO - package: mysql.connector.plugins
2025-09-17 22:48:25,400 - mysql.connector - INFO - plugin_name: caching_sha2_password
2025-09-17 22:48:25,400 - mysql.connector - INFO - AUTHENTICATION_PLUGIN_CLASS: MySQLCachingSHA2PasswordAuthPlugin
2025-09-17 22:59:37,425 - __main__ - INFO - ============================================================
2025-09-17 22:59:37,425 - __main__ - INFO - Smart Attendance System v2.0.0 - Starting
2025-09-17 22:59:37,425 - __main__ - INFO - ============================================================
2025-09-17 22:59:37,425 - __main__ - INFO - Checking dependencies...
2025-09-17 22:59:37,427 - __main__ - INFO - Testing database connection...
2025-09-17 22:59:37,459 - mysql.connector - INFO - package: mysql.connector.plugins
2025-09-17 22:59:37,459 - mysql.connector - INFO - plugin_name: caching_sha2_password
2025-09-17 22:59:37,460 - mysql.connector - INFO - AUTHENTICATION_PLUGIN_CLASS: MySQLCachingSHA2PasswordAuthPlugin
2025-09-17 22:59:37,467 - __main__ - INFO - Starting Flask server...
2025-09-17 22:59:37,469 - __main__ - INFO - Launching main window...
2025-09-17 23:00:28,484 - __main__ - INFO - ============================================================
2025-09-17 23:00:28,484 - __main__ - INFO - Smart Attendance System v2.0.0 - Starting
2025-09-17 23:00:28,484 - __main__ - INFO - ============================================================
2025-09-17 23:00:28,484 - __main__ - INFO - Checking dependencies...
2025-09-17 23:00:28,487 - __main__ - INFO - Testing database connection...
2025-09-17 23:00:28,524 - mysql.connector - INFO - package: mysql.connector.plugins
2025-09-17 23:00:28,524 - mysql.connector - INFO - plugin_name: caching_sha2_password
2025-09-17 23:00:28,530 - mysql.connector - INFO - AUTHENTICATION_PLUGIN_CLASS: MySQLCachingSHA2PasswordAuthPlugin
2025-09-17 23:00:28,535 - __main__ - INFO - Starting Flask server...
2025-09-17 23:00:28,538 - __main__ - INFO - Launching main window...
2025-09-17 23:01:31,794 - __main__ - INFO - ============================================================
2025-09-17 23:01:31,794 - __main__ - INFO - Smart Attendance System v2.0.0 - Starting
2025-09-17 23:01:31,794 - __main__ - INFO - ============================================================
2025-09-17 23:01:31,794 - __main__ - INFO - Checking dependencies...
2025-09-17 23:01:31,801 - __main__ - INFO - Testing database connection...
2025-09-17 23:01:31,873 - mysql.connector - INFO - package: mysql.connector.plugins
2025-09-17 23:01:31,876 - mysql.connector - INFO - plugin_name: caching_sha2_password
2025-09-17 23:01:31,876 - mysql.connector - INFO - AUTHENTICATION_PLUGIN_CLASS: MySQLCachingSHA2PasswordAuthPlugin
2025-09-17 23:01:31,893 - __main__ - INFO - Starting Flask server...
2025-09-17 23:01:31,900 - __main__ - INFO - Launching main window...
2025-09-17 23:14:19,080 - __main__ - INFO - ============================================================
2025-09-17 23:14:19,080 - __main__ - INFO - Smart Attendance System v2.0.0 - Starting
2025-09-17 23:14:19,080 - __main__ - INFO - ============================================================
2025-09-17 23:14:19,080 - __main__ - INFO - Checking dependencies...
2025-09-17 23:14:19,091 - __main__ - INFO - Testing database connection...
2025-09-17 23:14:19,164 - mysql.connector - INFO - package: mysql.connector.plugins
2025-09-17 23:14:19,169 - mysql.connector - INFO - plugin_name: caching_sha2_password
2025-09-17 23:14:19,172 - mysql.connector - INFO - AUTHENTICATION_PLUGIN_CLASS: MySQLCachingSHA2PasswordAuthPlugin
2025-09-17 23:14:19,185 - __main__ - INFO - Starting Flask server...
2025-09-17 23:14:19,189 - __main__ - INFO - Launching main window...
2025-09-17 23:16:26,962 - __main__ - INFO - ============================================================
2025-09-17 23:16:26,962 - __main__ - INFO - Smart Attendance System v2.0.0 - Starting
2025-09-17 23:16:26,962 - __main__ - INFO - ============================================================
2025-09-17 23:16:26,962 - __main__ - INFO - Checking dependencies...
2025-09-17 23:16:26,968 - __main__ - INFO - Testing database connection...
2025-09-17 23:16:27,052 - mysql.connector - INFO - package: mysql.connector.plugins
2025-09-17 23:16:27,052 - mysql.connector - INFO - plugin_name: caching_sha2_password
2025-09-17 23:16:27,055 - mysql.connector - INFO - AUTHENTICATION_PLUGIN_CLASS: MySQLCachingSHA2PasswordAuthPlugin
2025-09-17 23:16:27,066 - __main__ - INFO - Starting Flask server...
2025-09-17 23:16:27,073 - __main__ - INFO - Launching main window...
2025-09-17 23:20:28,752 - __main__ - INFO - ============================================================
2025-09-17 23:20:28,752 - __main__ - INFO - Smart Attendance System vBETA - Starting
2025-09-17 23:20:28,752 - __main__ - INFO - ============================================================
2025-09-17 23:20:28,752 - __main__ - INFO - Checking dependencies...
2025-09-17 23:20:28,762 - __main__ - INFO - Testing database connection...
2025-09-17 23:20:28,841 - mysql.connector - INFO - package: mysql.connector.plugins
2025-09-17 23:20:28,841 - mysql.connector - INFO - plugin_name: caching_sha2_password
2025-09-17 23:20:28,845 - mysql.connector - INFO - AUTHENTICATION_PLUGIN_CLASS: MySQLCachingSHA2PasswordAuthPlugin
2025-09-17 23:20:28,868 - __main__ - INFO - Starting Flask server...
2025-09-17 23:20:28,874 - __main__ - INFO - Launching main window...
2025-09-17 23:25:41,467 - __main__ - INFO - ============================================================
2025-09-17 23:25:41,467 - __main__ - INFO - Smart Attendance System vBETA - Starting
2025-09-17 23:25:41,467 - __main__ - INFO - ============================================================
2025-09-17 23:25:41,467 - __main__ - INFO - Checking dependencies...
2025-09-17 23:25:41,476 - __main__ - INFO - Testing database connection...
2025-09-17 23:25:41,560 - mysql.connector - INFO - package: mysql.connector.plugins
2025-09-17 23:25:41,560 - mysql.connector - INFO - plugin_name: caching_sha2_password
2025-09-17 23:25:41,560 - mysql.connector - INFO - AUTHENTICATION_PLUGIN_CLASS: MySQLCachingSHA2PasswordAuthPlugin
2025-09-17 23:25:41,577 - __main__ - INFO - Starting Flask server...
2025-09-17 23:25:41,583 - __main__ - INFO - Launching main window...
2025-09-17 23:29:16,682 - __main__ - INFO - ============================================================
2025-09-17 23:29:16,682 - __main__ - INFO - Smart Attendance System vBETA - Starting
2025-09-17 23:29:16,682 - __main__ - INFO - ============================================================
2025-09-17 23:29:16,682 - __main__ - INFO - Checking dependencies...
2025-09-17 23:29:16,694 - __main__ - INFO - Testing database connection...
2025-09-17 23:29:16,780 - mysql.connector - INFO - package: mysql.connector.plugins
2025-09-17 23:29:16,780 - mysql.connector - INFO - plugin_name: caching_sha2_password
2025-09-17 23:29:16,785 - mysql.connector - INFO - AUTHENTICATION_PLUGIN_CLASS: MySQLCachingSHA2PasswordAuthPlugin
2025-09-17 23:29:16,798 - __main__ - INFO - Starting Flask server...
2025-09-17 23:29:16,803 - __main__ - INFO - Launching main window...
2025-09-17 23:36:38,279 - __main__ - INFO - ============================================================
2025-09-17 23:36:38,280 - __main__ - INFO - Smart Attendance System vBETA - Starting
2025-09-17 23:36:38,280 - __main__ - INFO - ============================================================
2025-09-17 23:36:38,280 - __main__ - INFO - Checking dependencies...
2025-09-17 23:36:38,282 - __main__ - INFO - Testing database connection...
2025-09-17 23:36:38,307 - mysql.connector - INFO - package: mysql.connector.plugins
2025-09-17 23:36:38,307 - mysql.connector - INFO - plugin_name: caching_sha2_password
2025-09-17 23:36:38,307 - mysql.connector - INFO - AUTHENTICATION_PLUGIN_CLASS: MySQLCachingSHA2PasswordAuthPlugin
2025-09-17 23:36:38,328 - __main__ - INFO - Starting Flask server...
2025-09-17 23:36:38,330 - __main__ - INFO - Launching main window...
2025-09-17 23:38:22,054 - __main__ - INFO - ============================================================
2025-09-17 23:38:22,054 - __main__ - INFO - Smart Attendance System vBETA - Starting
2025-09-17 23:38:22,055 - __main__ - INFO - ============================================================
2025-09-17 23:38:22,055 - __main__ - INFO - Checking dependencies...
2025-09-17 23:38:22,056 - __main__ - INFO - Testing database connection...
2025-09-17 23:38:22,089 - mysql.connector - INFO - package: mysql.connector.plugins
2025-09-17 23:38:22,089 - mysql.connector - INFO - plugin_name: caching_sha2_password
2025-09-17 23:38:22,090 - mysql.connector - INFO - AUTHENTICATION_PLUGIN_CLASS: MySQLCachingSHA2PasswordAuthPlugin
2025-09-17 23:38:22,096 - __main__ - INFO - Starting Flask server...
2025-09-17 23:38:22,098 - __main__ - INFO - Launching main window...
