2025-09-19 15:02:42,379 - __main__ - INFO - ============================================================
2025-09-19 15:02:42,379 - __main__ - INFO - Smart Attendance System vBETA - Starting
2025-09-19 15:02:42,379 - __main__ - INFO - ============================================================
2025-09-19 15:02:42,379 - __main__ - INFO - Checking dependencies...
2025-09-19 15:02:42,393 - __main__ - INFO - Testing database connection...
2025-09-19 15:02:42,475 - mysql.connector - INFO - package: mysql.connector.plugins
2025-09-19 15:02:42,475 - mysql.connector - INFO - plugin_name: caching_sha2_password
2025-09-19 15:02:42,481 - mysql.connector - INFO - AUTHENTICATION_PLUGIN_CLASS: MySQLCachingSHA2PasswordAuthPlugin
2025-09-19 15:02:42,495 - __main__ - INFO - Starting Flask server...
2025-09-19 15:02:42,503 - __main__ - INFO - Launching main window...
2025-09-19 15:14:12,714 - __main__ - INFO - ============================================================
2025-09-19 15:14:12,714 - __main__ - INFO - Smart Attendance System vBETA - Starting
2025-09-19 15:14:12,714 - __main__ - INFO - ============================================================
2025-09-19 15:14:12,714 - __main__ - INFO - Checking dependencies...
2025-09-19 15:14:12,722 - __main__ - INFO - Testing database connection...
2025-09-19 15:14:12,793 - mysql.connector - INFO - package: mysql.connector.plugins
2025-09-19 15:14:12,793 - mysql.connector - INFO - plugin_name: caching_sha2_password
2025-09-19 15:14:12,801 - mysql.connector - INFO - AUTHENTICATION_PLUGIN_CLASS: MySQLCachingSHA2PasswordAuthPlugin
2025-09-19 15:14:16,553 - __main__ - INFO - Starting Flask server...
2025-09-19 15:14:16,561 - __main__ - INFO - Launching main window...
2025-09-19 15:17:05,064 - __main__ - INFO - ============================================================
2025-09-19 15:17:05,064 - __main__ - INFO - Smart Attendance System vBETA - Starting
2025-09-19 15:17:05,064 - __main__ - INFO - ============================================================
2025-09-19 15:17:05,064 - __main__ - INFO - Checking dependencies...
2025-09-19 15:17:05,071 - __main__ - INFO - Testing database connection...
2025-09-19 15:17:05,155 - mysql.connector - INFO - package: mysql.connector.plugins
2025-09-19 15:17:05,155 - mysql.connector - INFO - plugin_name: caching_sha2_password
2025-09-19 15:17:05,158 - mysql.connector - INFO - AUTHENTICATION_PLUGIN_CLASS: MySQLCachingSHA2PasswordAuthPlugin
2025-09-19 15:20:40,335 - __main__ - INFO - ============================================================
2025-09-19 15:20:40,335 - __main__ - INFO - Smart Attendance System vBETA - Starting
2025-09-19 15:20:40,335 - __main__ - INFO - ============================================================
2025-09-19 15:20:40,335 - __main__ - INFO - Checking dependencies...
2025-09-19 15:20:40,353 - __main__ - INFO - Testing database connection...
2025-09-19 15:20:40,423 - mysql.connector - INFO - package: mysql.connector.plugins
2025-09-19 15:20:40,423 - mysql.connector - INFO - plugin_name: caching_sha2_password
2025-09-19 15:20:40,430 - mysql.connector - INFO - AUTHENTICATION_PLUGIN_CLASS: MySQLCachingSHA2PasswordAuthPlugin
2025-09-19 15:22:31,022 - __main__ - INFO - ============================================================
2025-09-19 15:22:31,022 - __main__ - INFO - Smart Attendance System vBETA - Starting
2025-09-19 15:22:31,022 - __main__ - INFO - ============================================================
2025-09-19 15:22:31,022 - __main__ - INFO - Checking dependencies...
2025-09-19 15:22:31,032 - __main__ - INFO - Testing database connection...
2025-09-19 15:22:31,108 - mysql.connector - INFO - package: mysql.connector.plugins
2025-09-19 15:22:31,108 - mysql.connector - INFO - plugin_name: caching_sha2_password
2025-09-19 15:22:31,110 - mysql.connector - INFO - AUTHENTICATION_PLUGIN_CLASS: MySQLCachingSHA2PasswordAuthPlugin
2025-09-19 15:23:21,637 - __main__ - INFO - ============================================================
2025-09-19 15:23:21,637 - __main__ - INFO - Smart Attendance System vBETA - Starting
2025-09-19 15:23:21,637 - __main__ - INFO - ============================================================
2025-09-19 15:23:21,637 - __main__ - INFO - Checking dependencies...
2025-09-19 15:23:21,644 - __main__ - INFO - Testing database connection...
2025-09-19 15:23:21,722 - mysql.connector - INFO - package: mysql.connector.plugins
2025-09-19 15:23:21,724 - mysql.connector - INFO - plugin_name: caching_sha2_password
2025-09-19 15:23:21,724 - mysql.connector - INFO - AUTHENTICATION_PLUGIN_CLASS: MySQLCachingSHA2PasswordAuthPlugin
2025-09-19 15:24:13,090 - __main__ - INFO - ============================================================
2025-09-19 15:24:13,090 - __main__ - INFO - Smart Attendance System vBETA - Starting
2025-09-19 15:24:13,090 - __main__ - INFO - ============================================================
2025-09-19 15:24:13,090 - __main__ - INFO - Checking dependencies...
2025-09-19 15:24:13,111 - __main__ - INFO - Testing database connection...
2025-09-19 15:24:13,187 - mysql.connector - INFO - package: mysql.connector.plugins
2025-09-19 15:24:13,187 - mysql.connector - INFO - plugin_name: caching_sha2_password
2025-09-19 15:24:13,193 - mysql.connector - INFO - AUTHENTICATION_PLUGIN_CLASS: MySQLCachingSHA2PasswordAuthPlugin
2025-09-19 15:24:13,203 - __main__ - INFO - Starting Flask server...
2025-09-19 15:24:13,211 - __main__ - INFO - Launching main window...
